Collecting absl-py==1.3.0 (from -r requirements.txt (line 1))
  Using cached https://files.pythonhosted.org/packages/2c/39/ba081c6f7837366a39c9286fa1bc9dbf217249df80e133f25c62b05d1a53/absl_py-1.3.0-py3-none-any.whl
Collecting astunparse==1.6.3 (from -r requirements.txt (line 2))
  Using cached https://files.pythonhosted.org/packages/2b/03/13dde6512ad7b4557eb792fbcf0c653af6076b81e5941d36ec61f7ce6028/astunparse-1.6.3-py2.py3-none-any.whl
Collecting attrs==22.1.0 (from -r requirements.txt (line 3))
  Using cached https://files.pythonhosted.org/packages/f2/bc/d817287d1aa01878af07c19505fafd1165cd6a119e9d0821ca1d1c20312d/attrs-22.1.0-py2.py3-none-any.whl
Requirement already satisfied: Brlapi in /usr/lib64/python3.6/site-packages (from -r requirements.txt (line 4))
Collecting cachetools (from -r requirements.txt (line 5))
  Using cached https://files.pythonhosted.org/packages/ea/c1/4740af52db75e6dbdd57fc7e9478439815bbac549c1c05881be27d19a17d/cachetools-4.2.4-py3-none-any.whl
Collecting cffi==1.14.5 (from -r requirements.txt (line 6))
  Using cached https://files.pythonhosted.org/packages/2b/cf/9a3b04e57191a970836aeaa8b2075574f02fbdb65d6368457a2f13213e7f/cffi-1.14.5-cp36-cp36m-manylinux1_x86_64.whl
Collecting chardet==4.0.0 (from -r requirements.txt (line 7))
  Using cached https://files.pythonhosted.org/packages/19/c7/fa589626997dd07bd87d9269342ccb74b1720384a4d739a1872bd84fbe68/chardet-4.0.0-py2.py3-none-any.whl
Requirement already satisfied: chrome-gnome-shell==0.0.0 in /usr/lib/python3.6/site-packages (from -r requirements.txt (line 8))
Requirement already satisfied: cupshelpers==1.0 in /usr/lib/python3.6/site-packages (from -r requirements.txt (line 9))
Collecting dasbus==1.4 (from -r requirements.txt (line 10))
  Using cached https://files.pythonhosted.org/packages/de/bb/be74d9e78ee39188256efa5f05118298747a80e811c967e01f909e6cafdc/dasbus-1.4-py3-none-any.whl
Collecting dbus-python==1.2.18 (from -r requirements.txt (line 11))
  Using cached https://files.pythonhosted.org/packages/b1/5c/ccfc167485806c1936f7d3ba97db6c448d0089c5746ba105b6eb22dba60e/dbus-python-1.2.18.tar.gz
Collecting distro==1.5.0 (from -r requirements.txt (line 12))
  Using cached https://files.pythonhosted.org/packages/25/b7/b3c4270a11414cb22c6352ebc7a83aaa3712043be29daa05018fd5a5c956/distro-1.5.0-py2.py3-none-any.whl
Collecting flatbuffers==22.10.26 (from -r requirements.txt (line 13))
  Using cached https://files.pythonhosted.org/packages/68/ea/2ff229e0f0de9cc0acdb098a26bfa8b69f7128f4fa76d8ef427ef7ee6d24/flatbuffers-22.10.26-py2.py3-none-any.whl
Collecting gast==0.4.0 (from -r requirements.txt (line 14))
  Using cached https://files.pythonhosted.org/packages/b6/48/583c032b79ae5b3daa02225a675aeb673e58d2cb698e78510feceb11958c/gast-0.4.0-py3-none-any.whl
Collecting google-auth==2.14.1 (from -r requirements.txt (line 15))
  Using cached https://files.pythonhosted.org/packages/9b/9b/f40ea5c60762eabeb17cebdc05c395f44584c5c7fd7ce636a869c4f1e05d/google_auth-2.14.1-py2.py3-none-any.whl
Collecting google-auth-oauthlib==0.4.6 (from -r requirements.txt (line 16))
  Using cached https://files.pythonhosted.org/packages/b1/0e/0636cc1448a7abc444fb1b3a63655e294e0d2d49092dc3de05241be6d43c/google_auth_oauthlib-0.4.6-py2.py3-none-any.whl
Collecting google-pasta==0.2.0 (from -r requirements.txt (line 17))
  Using cached https://files.pythonhosted.org/packages/a3/de/c648ef6835192e6e2cc03f40b19eeda4382c49b5bafb43d88b931c4c74ac/google_pasta-0.2.0-py3-none-any.whl
Requirement already satisfied: gpg in /usr/lib64/python3.6/site-packages (from -r requirements.txt (line 18))
Collecting grpcio (from -r requirements.txt (line 19))
  Using cached https://files.pythonhosted.org/packages/81/9a/6b33e8d15850356772f0ee6489bc8346a7aa90f0c86733283e139740865e/grpcio-1.48.2.tar.gz
Collecting h5py (from -r requirements.txt (line 20))
  Using cached https://files.pythonhosted.org/packages/70/7a/e53e500335afb6b1aade11227cdf107fca54106a1dca5c9d13242a043f3b/h5py-3.1.0-cp36-cp36m-manylinux1_x86_64.whl
Requirement already satisfied: idna in /usr/lib/python3.6/site-packages (from -r requirements.txt (line 21))
Collecting importlib-metadata (from -r requirements.txt (line 22))
  Using cached https://files.pythonhosted.org/packages/a0/a1/b153a0a4caf7a7e3f15c2cd56c7702e2cf3d89b1b359d1f1c5e59d68f4ce/importlib_metadata-4.8.3-py3-none-any.whl
Collecting keras (from -r requirements.txt (line 23))
  Using cached https://files.pythonhosted.org/packages/f9/4d/dc255a437c9616b155e5bd55e325e092b7cdcb4652361d733ae051d40853/keras-2.10.0-py2.py3-none-any.whl
Collecting Keras-Preprocessing (from -r requirements.txt (line 24))
  Using cached https://files.pythonhosted.org/packages/79/4c/7c3275a01e12ef9368a892926ab932b33bb13d55794881e3573482b378a7/Keras_Preprocessing-1.1.2-py2.py3-none-any.whl
Collecting libclang (from -r requirements.txt (line 25))
  Using cached https://files.pythonhosted.org/packages/60/56/7c107ccc000d78c400d083a09f363fe67407048c66eea6c72df1e3303e73/libclang-15.0.6.1.tar.gz
Requirement already satisfied: libcomps in /usr/lib64/python3.6/site-packages (from -r requirements.txt (line 26))
Collecting lxml==4.6.5 (from -r requirements.txt (line 27))
  Using cached https://files.pythonhosted.org/packages/7c/1d/8085557f1e39fff04ac6a34de3baa8963987e803beb812733cd73aeafc76/lxml-4.6.5-cp36-cp36m-manylinux_2_5_x86_64.manylinux1_x86_64.whl
Collecting Markdown (from -r requirements.txt (line 28))
  Using cached https://files.pythonhosted.org/packages/f3/df/ca72f352e15b6f8ce32b74af029f1189abffb906f7c137501ffe69c98a65/Markdown-3.3.7-py3-none-any.whl
Requirement already satisfied: MarkupSafe in /usr/lib64/python3.6/site-packages (from -r requirements.txt (line 29))
Requirement already satisfied: nftables==0.1 in /usr/lib/python3.6/site-packages (from -r requirements.txt (line 30))
Collecting numpy==1.19.5 (from -r requirements.txt (line 31))
  Using cached https://files.pythonhosted.org/packages/45/b2/6c7545bb7a38754d63048c7696804a0d947328125d81bf12beaa692c3ae3/numpy-1.19.5-cp36-cp36m-manylinux1_x86_64.whl
Collecting oauthlib==3.2.2 (from -r requirements.txt (line 32))
  Using cached https://files.pythonhosted.org/packages/7e/80/cab10959dc1faead58dc8384a781dfbf93cb4d33d50988f7a69f1b7c9bbe/oauthlib-3.2.2-py3-none-any.whl
Collecting open-spiel==1.1.0 (from -r requirements.txt (line 33))
  Using cached https://files.pythonhosted.org/packages/b2/31/484585229018de1c89822099e338bf0e886cbbdcae9c4e1c76a41b82f68a/open_spiel-1.1.0.tar.gz
Collecting opt-einsum==3.3.0 (from -r requirements.txt (line 34))
  Using cached https://files.pythonhosted.org/packages/bc/19/404708a7e54ad2798907210462fd950c3442ea51acc8790f3da48d2bee8b/opt_einsum-3.3.0-py3-none-any.whl
Collecting packaging==21.3 (from -r requirements.txt (line 35))
  Using cached https://files.pythonhosted.org/packages/05/8e/8de486cbd03baba4deef4142bd643a3e7bbe954a784dc1bb17142572d127/packaging-21.3-py3-none-any.whl
Collecting pandas==1.1.5 (from -r requirements.txt (line 36))
  Using cached https://files.pythonhosted.org/packages/c3/e2/00cacecafbab071c787019f00ad84ca3185952f6bb9bca9550ed83870d4d/pandas-1.1.5-cp36-cp36m-manylinux1_x86_64.whl
Collecting pexpect==4.8.0 (from -r requirements.txt (line 37))
  Using cached https://files.pythonhosted.org/packages/39/7b/88dbb785881c28a102619d46423cb853b46dbccc70d3ac362d99773a78ce/pexpect-4.8.0-py2.py3-none-any.whl
Collecting ply==3.11 (from -r requirements.txt (line 38))
  Using cached https://files.pythonhosted.org/packages/a3/58/35da89ee790598a0700ea49b2a66594140f44dec458c07e8e3d4979137fc/ply-3.11-py2.py3-none-any.whl
Collecting protobuf==3.19.6 (from -r requirements.txt (line 39))
  Using cached https://files.pythonhosted.org/packages/32/27/1141a8232723dcb10a595cc0ce4321dcbbd5215300bf4acfc142343205bf/protobuf-3.19.6-py2.py3-none-any.whl
Collecting psutil==5.8.0 (from -r requirements.txt (line 40))
  Using cached https://files.pythonhosted.org/packages/e1/b0/7276de53321c12981717490516b7e612364f2cb372ee8901bd4a66a000d7/psutil-5.8.0.tar.gz
Collecting ptyprocess==0.6.0 (from -r requirements.txt (line 41))
  Using cached https://files.pythonhosted.org/packages/d1/29/605c2cc68a9992d18dada28206eeada56ea4bd07a239669da41674648b6f/ptyprocess-0.6.0-py2.py3-none-any.whl
Collecting pyasn1==0.4.8 (from -r requirements.txt (line 42))
  Using cached https://files.pythonhosted.org/packages/62/1e/a94a8d635fa3ce4cfc7f506003548d0a2447ae76fd5ca53932970fe3053f/pyasn1-0.4.8-py2.py3-none-any.whl
Collecting pyasn1-modules==0.2.8 (from -r requirements.txt (line 43))
  Using cached https://files.pythonhosted.org/packages/95/de/214830a981892a3e286c3794f41ae67a4495df1108c3da8a9f62159b9a9d/pyasn1_modules-0.2.8-py2.py3-none-any.whl
Collecting pycairo==1.20.0 (from -r requirements.txt (line 44))
  Using cached https://files.pythonhosted.org/packages/9d/6e/499d6a6db416eb3cdf0e57762a269908e4ab6638a75a90972afc34885b91/pycairo-1.20.0.tar.gz
Collecting pycparser==2.20 (from -r requirements.txt (line 45))
  Using cached https://files.pythonhosted.org/packages/ae/e7/d9c3a176ca4b02024debf82342dab36efadfc5776f9c8db077e8f6e71821/pycparser-2.20-py2.py3-none-any.whl
Collecting pycups==2.0.1 (from -r requirements.txt (line 46))
  Using cached https://files.pythonhosted.org/packages/0c/bb/82546806a86dc16f5eeb76f62ffdc42cce3d43aacd4e25a8b5300eec0263/pycups-2.0.1.tar.gz
Collecting pycurl==7.43.0.6 (from -r requirements.txt (line 47))
  Using cached https://files.pythonhosted.org/packages/50/1a/35b1d8b8e4e23a234f1b17a8a40299fd550940b16866c9a1f2d47a04b969/pycurl-7.43.0.6.tar.gz
Collecting pyenchant==3.2.0 (from -r requirements.txt (line 48))
  Using cached https://files.pythonhosted.org/packages/99/8c/bd224a5db562ac008edbfaf015f5d5c98ea13e745247cd4ab5fc5b683085/pyenchant-3.2.0-py3-none-any.whl
Collecting PyGObject==3.40.1 (from -r requirements.txt (line 49))
  Using cached https://files.pythonhosted.org/packages/51/2f/4d5d5afb7000b9151e33952b59163c9389bd867ac6fe85d62f85831fa061/PyGObject-3.40.1.tar.gz
Collecting pyparsing==3.0.9 (from -r requirements.txt (line 50))
  Using cached https://files.pythonhosted.org/packages/6c/10/a7d0fa5baea8fe7b50f448ab742f26f52b80bfca85ac2be9d35cdd9a3246/pyparsing-3.0.9-py3-none-any.whl
Collecting PySocks==1.7.1 (from -r requirements.txt (line 51))
  Using cached https://files.pythonhosted.org/packages/8d/59/b4572118e098ac8e46e399a1dd0f2d85403ce8bbaad9ec79373ed6badaf9/PySocks-1.7.1-py3-none-any.whl
Collecting python-dateutil==2.8.1 (from -r requirements.txt (line 52))
  Using cached https://files.pythonhosted.org/packages/d4/70/d60450c3dd48ef87586924207ae8907090de0b306af2bce5d134d78615cb/python_dateutil-2.8.1-py2.py3-none-any.whl
Collecting pytz==2022.7.1 (from -r requirements.txt (line 53))
  Using cached https://files.pythonhosted.org/packages/2e/09/fbd3c46dce130958ee8e0090f910f1fe39e502cc5ba0aadca1e8a2b932e5/pytz-2022.7.1-py2.py3-none-any.whl
Collecting pyxdg==0.27 (from -r requirements.txt (line 54))
  Using cached https://files.pythonhosted.org/packages/ea/13/de39ddf4f9f9cea0c7684cd54a50d79c97ea99c9f6aed798fd13d0bd4609/pyxdg-0.27-py2.py3-none-any.whl
Collecting PyYAML==5.4.1 (from -r requirements.txt (line 55))
  Using cached https://files.pythonhosted.org/packages/7a/5b/bc0b5ab38247bba158504a410112b6c03f153c652734ece1849749e5f518/PyYAML-5.4.1-cp36-cp36m-manylinux1_x86_64.whl
Collecting requests==2.25.1 (from -r requirements.txt (line 56))
  Using cached https://files.pythonhosted.org/packages/29/c1/24814557f1d22c56d50280771a17307e6bf87b70727d975fd6b2ce6b014a/requests-2.25.1-py2.py3-none-any.whl
Collecting requests-oauthlib==1.3.1 (from -r requirements.txt (line 57))
  Using cached https://files.pythonhosted.org/packages/6f/bb/5deac77a9af870143c684ab46a7934038a53eb4aa975bc0687ed6ca2c610/requests_oauthlib-1.3.1-py2.py3-none-any.whl
Collecting rsa==4.9 (from -r requirements.txt (line 58))
  Using cached https://files.pythonhosted.org/packages/49/97/fa78e3d2f65c02c8e1268b9aba606569fe97f6c8f7c2d74394553347c145/rsa-4.9-py3-none-any.whl
Collecting scipy==1.5.4 (from -r requirements.txt (line 59))
  Using cached https://files.pythonhosted.org/packages/c8/89/63171228d5ced148f5ced50305c89e8576ffc695a90b58fe5bb602b910c2/scipy-1.5.4-cp36-cp36m-manylinux1_x86_64.whl
Collecting selinux==0.2.1 (from -r requirements.txt (line 60))
  Using cached https://files.pythonhosted.org/packages/65/11/67955ff6fbd5aedee3b4d47847c24510e7de970aa352cacac8444ef33059/selinux-0.2.1-py2.py3-none-any.whl
Collecting setools==1.2.3 (from -r requirements.txt (line 61))
  Using cached https://files.pythonhosted.org/packages/ce/b6/5feff8dd9e0c7c3f8b27062256e5dc6f2e4003b97a0c67a2eebcfb14cc82/SETools-1.2.3-py3-none-any.whl
Collecting six==1.15.0 (from -r requirements.txt (line 62))
  Using cached https://files.pythonhosted.org/packages/ee/ff/48bde5c0f013094d729fe4b0316ba2a24774b3ff1c52d924a8a4cb04078a/six-1.15.0-py2.py3-none-any.whl
Collecting sos==0.23.4 (from -r requirements.txt (line 63))
  Using cached https://files.pythonhosted.org/packages/4d/fa/68047220d8c22896021b6d68af2ffa01b5c5b368b96f22a719a594839c57/sos-0.23.4-py3-none-any.whl
Requirement already satisfied: systemd-python==234 in /usr/lib64/python3.6/site-packages (from -r requirements.txt (line 64))
Collecting tensorboard==2.10.1 (from -r requirements.txt (line 65))
  Using cached https://files.pythonhosted.org/packages/80/49/a5ec29886ef823718c8ae54ed0b3ad7e19066b5bf21cec5038427e6a04c4/tensorboard-2.10.1-py3-none-any.whl
Collecting tensorboard-data-server==0.6.1 (from -r requirements.txt (line 66))
  Using cached https://files.pythonhosted.org/packages/74/69/5747a957f95e2e1d252ca41476ae40ce79d70d38151d2e494feb7722860c/tensorboard_data_server-0.6.1-py3-none-any.whl
Collecting tensorboard-plugin-wit==1.8.1 (from -r requirements.txt (line 67))
  Using cached https://files.pythonhosted.org/packages/e0/68/e8ecfac5dd594b676c23a7f07ea34c197d7d69b3313afdf8ac1b0a9905a2/tensorboard_plugin_wit-1.8.1-py3-none-any.whl
Collecting tensorflow==1.14.0 (from -r requirements.txt (line 68))
  Using cached https://files.pythonhosted.org/packages/de/f0/96fb2e0412ae9692dbf400e5b04432885f677ad6241c088ccc5fe7724d69/tensorflow-1.14.0-cp36-cp36m-manylinux1_x86_64.whl
Collecting tensorflow-estimator==1.14.0 (from -r requirements.txt (line 69))
  Using cached https://files.pythonhosted.org/packages/3c/d5/21860a5b11caf0678fbc8319341b0ae21a07156911132e0e71bffed0510d/tensorflow_estimator-1.14.0-py2.py3-none-any.whl
Collecting termcolor (from -r requirements.txt (line 70))
  Downloading https://files.pythonhosted.org/packages/8a/48/a76be51647d0eb9f10e2a4511bf3ffb8cc1e6b14e9e4fab46173aa79f981/termcolor-1.1.0.tar.gz
Collecting typing_extensions==4.1.1 (from -r requirements.txt (line 71))
  Using cached https://files.pythonhosted.org/packages/45/6b/44f7f8f1e110027cf88956b59f2fad776cca7e1704396d043f89effd3a0e/typing_extensions-4.1.1-py3-none-any.whl
Collecting urllib3==1.26.5 (from -r requirements.txt (line 72))
  Using cached https://files.pythonhosted.org/packages/0c/cd/1e2ec680ec7b09846dc6e605f5a7709dfb9d7128e51a026e7154e18a234e/urllib3-1.26.5-py2.py3-none-any.whl
Collecting Werkzeug==2.0.3 (from -r requirements.txt (line 73))
  Using cached https://files.pythonhosted.org/packages/f4/f3/22afbdb20cc4654b10c98043414a14057cd27fdba9d4ae61cea596000ba2/Werkzeug-2.0.3-py3-none-any.whl
Collecting wrapt==1.14.1 (from -r requirements.txt (line 74))
  Using cached https://files.pythonhosted.org/packages/e0/80/af9da7379ee6df583875d0aeb80f9d5f0bd5f081dd1ee5ce06587d8bfec7/wrapt-1.14.1-cp36-cp36m-manylinux_2_5_x86_64.manylinux1_x86_64.manylinux_2_17_x86_64.manylinux2014_x86_64.whl
Collecting zipp==3.6.0 (from -r requirements.txt (line 75))
  Using cached https://files.pythonhosted.org/packages/bd/df/d4a4974a3e3957fd1c1fa3082366d7fff6e428ddb55f074bf64876f8e8ad/zipp-3.6.0-py3-none-any.whl
Requirement already satisfied: wheel<1.0,>=0.23.0 in /usr/lib/python3.6/site-packages (from astunparse==1.6.3->-r requirements.txt (line 2))
Collecting cached-property; python_version < "3.8" (from h5py->-r requirements.txt (line 20))
  Downloading https://files.pythonhosted.org/packages/48/19/f2090f7dad41e225c7f2326e4cfe6fff49e57dedb5b53636c9551f86b069/cached_property-1.5.2-py2.py3-none-any.whl
Collecting pip>=20.0.2 (from open-spiel==1.1.0->-r requirements.txt (line 33))
  Downloading https://files.pythonhosted.org/packages/a4/6d/6463d49a933f547439d6b5b98b46af8742cc03ae83543e4d7688c2420f8b/pip-21.3.1-py3-none-any.whl (1.7MB)
Collecting certifi>=2017.4.17 (from requests==2.25.1->-r requirements.txt (line 56))
  Downloading https://files.pythonhosted.org/packages/71/4c/3db2b8021bd6f2f0ceb0e088d6b2d49147671f25832fb17970e9b583d742/certifi-2022.12.7-py3-none-any.whl (155kB)
Requirement already satisfied: setuptools>=39.0 in /usr/lib/python3.6/site-packages (from selinux==0.2.1->-r requirements.txt (line 60))
Requirement already satisfied: tqdm in /usr/lib/python3.6/site-packages (from setools==1.2.3->-r requirements.txt (line 61))
Collecting librosa (from setools==1.2.3->-r requirements.txt (line 61))
  Downloading https://files.pythonhosted.org/packages/e4/1c/23ef2fd02913d65d43dc7516fc829af709314a66c6f0bdc2e361fdcecc2d/librosa-0.9.2-py3-none-any.whl (214kB)
Collecting pystoi (from setools==1.2.3->-r requirements.txt (line 61))
  Downloading https://files.pythonhosted.org/packages/4c/d8/58a5deefb57e3ca78d6421d2ec536880a29ac0e497b2d1baded6f2153beb/pystoi-0.3.3.tar.gz
Collecting tablib (from setools==1.2.3->-r requirements.txt (line 61))
  Downloading https://files.pythonhosted.org/packages/11/be/b6511aa3751cbce6badd6d3575bc12aa6291bf5cdcd2d877bb208283a87a/tablib-3.1.0-py3-none-any.whl (48kB)
Collecting pydot (from sos==0.23.4->-r requirements.txt (line 63))
  Downloading https://files.pythonhosted.org/packages/ea/76/75b1bb82e9bad3e3d656556eaa353d8cd17c4254393b08ec9786ac8ed273/pydot-1.4.2-py2.py3-none-any.whl
Requirement already satisfied: jinja2 in /usr/lib/python3.6/site-packages (from sos==0.23.4->-r requirements.txt (line 63))
Requirement already satisfied: pygments in /usr/lib/python3.6/site-packages (from sos==0.23.4->-r requirements.txt (line 63))
Collecting pydotplus (from sos==0.23.4->-r requirements.txt (line 63))
  Downloading https://files.pythonhosted.org/packages/60/bf/62567830b700d9f6930e9ab6831d6ba256f7b0b730acb37278b0ccdffacf/pydotplus-2.0.2.tar.gz (278kB)
Collecting xxhash; sys_platform != "win32" (from sos==0.23.4->-r requirements.txt (line 63))
  Downloading https://files.pythonhosted.org/packages/24/90/666a4d4d96a93ddaaaa0142ef8c1bd20f7135a7f1114a894f4d6efac16c5/xxhash-3.2.0.tar.gz (74kB)
Collecting fasteners (from sos==0.23.4->-r requirements.txt (line 63))
  Downloading https://files.pythonhosted.org/packages/bc/a2/7d35ba2c8d9963398fcec49cd814e50a6b920d213928f06fdbbf8aa3289b/fasteners-0.18-py3-none-any.whl
Collecting networkx!=2.8.3 (from sos==0.23.4->-r requirements.txt (line 63))
  Downloading https://files.pythonhosted.org/packages/f3/b7/c7f488101c0bb5e4178f3cde416004280fd40262433496830de8a8c21613/networkx-2.5.1-py3-none-any.whl (1.6MB)
Collecting pyzmq (from sos==0.23.4->-r requirements.txt (line 63))
  Downloading https://files.pythonhosted.org/packages/fe/be/a0aa5e60693c0618f15ef8d1a0743ef8431d366b30b5bca41ea14f01391a/pyzmq-25.0.0-cp36-cp36m-manylinux_2_5_x86_64.manylinux1_x86_64.whl (1.0MB)
Collecting nbformat (from sos==0.23.4->-r requirements.txt (line 63))
  Downloading https://files.pythonhosted.org/packages/e7/c7/dd50978c637a7af8234909277c4e7ec1b71310c13fb3135f3c8f5b6e045f/nbformat-5.1.3-py3-none-any.whl (178kB)
Collecting keras-applications>=1.0.6 (from tensorflow==1.14.0->-r requirements.txt (line 68))
  Downloading https://files.pythonhosted.org/packages/71/e3/19762fdfc62877ae9102edf6342d71b28fbfd9dea3d2f96a882ce099b03f/Keras_Applications-1.0.8-py3-none-any.whl (50kB)
Collecting astor>=0.6.0 (from tensorflow==1.14.0->-r requirements.txt (line 68))
  Downloading https://files.pythonhosted.org/packages/c3/88/97eef84f48fa04fbd6750e62dcceafba6c63c81b7ac1420856c8dcc0a3f9/astor-0.8.1-py2.py3-none-any.whl
Collecting dataclasses; python_version < "3.7" (from Werkzeug==2.0.3->-r requirements.txt (line 73))
  Downloading https://files.pythonhosted.org/packages/fe/ca/75fac5856ab5cfa51bbbcefa250182e50441074fdc3f803f6e76451fab43/dataclasses-0.8-py3-none-any.whl
Collecting joblib>=0.14 (from librosa->setools==1.2.3->-r requirements.txt (line 61))
  Downloading https://files.pythonhosted.org/packages/7c/91/d3ba0401e62d7e42816bc7d97b82d19c95c164b3e149a87c0a1c026a735e/joblib-1.1.1-py2.py3-none-any.whl (309kB)
Collecting audioread>=2.1.9 (from librosa->setools==1.2.3->-r requirements.txt (line 61))
  Downloading https://files.pythonhosted.org/packages/5d/cb/82a002441902dccbe427406785db07af10182245ee639ea9f4d92907c923/audioread-3.0.0.tar.gz (377kB)
Collecting resampy>=0.2.2 (from librosa->setools==1.2.3->-r requirements.txt (line 61))
  Downloading https://files.pythonhosted.org/packages/f2/d3/5209fd2132452f199b1ddf0d084f9fd5f5f910840e3b282f005b48a503e1/resampy-0.4.2-py3-none-any.whl (3.1MB)
Collecting scikit-learn>=0.19.1 (from librosa->setools==1.2.3->-r requirements.txt (line 61))
  Downloading https://files.pythonhosted.org/packages/f5/ef/bcd79e8d59250d6e8478eb1290dc6e05be42b3be8a86e3954146adbc171a/scikit_learn-0.24.2-cp36-cp36m-manylinux1_x86_64.whl (20.0MB)
Collecting numba>=0.45.1 (from librosa->setools==1.2.3->-r requirements.txt (line 61))
  Downloading https://files.pythonhosted.org/packages/e3/7d/3d61160836e49f40913741c464f119551c15ed371c1d91ea50308495b93b/numba-0.53.1.tar.gz (2.2MB)
    Complete output from command python setup.py egg_info:
    Traceback (most recent call last):
      File "/usr/lib/python3.6/site-packages/setuptools/sandbox.py", line 154, in save_modules
        yield saved
      File "/usr/lib/python3.6/site-packages/setuptools/sandbox.py", line 195, in setup_context
        yield
      File "/usr/lib/python3.6/site-packages/setuptools/sandbox.py", line 250, in run_setup
        _execfile(setup_script, ns)
      File "/usr/lib/python3.6/site-packages/setuptools/sandbox.py", line 45, in _execfile
        exec(code, globals, locals)
      File "/tmp/dcs-tmp.u2007067/easy_install-76ilh2ej/numpy-1.24.1/setup.py", line 20, in <module>
    
    RuntimeError: Python version >= 3.8 required.
    
    During handling of the above exception, another exception occurred:
    
    Traceback (most recent call last):
      File "<string>", line 1, in <module>
      File "/tmp/dcs-tmp.u2007067/pip-build-ndf9sscx/numba/setup.py", line 424, in <module>
        setup(**metadata)
      File "/usr/lib/python3.6/site-packages/setuptools/__init__.py", line 128, in setup
        _install_setup_requires(attrs)
      File "/usr/lib/python3.6/site-packages/setuptools/__init__.py", line 123, in _install_setup_requires
        dist.fetch_build_eggs(dist.setup_requires)
      File "/usr/lib/python3.6/site-packages/setuptools/dist.py", line 514, in fetch_build_eggs
        replace_conflicting=True,
      File "/usr/lib/python3.6/site-packages/pkg_resources/__init__.py", line 770, in resolve
        replace_conflicting=replace_conflicting
      File "/usr/lib/python3.6/site-packages/pkg_resources/__init__.py", line 1053, in best_match
        return self.obtain(req, installer)
      File "/usr/lib/python3.6/site-packages/pkg_resources/__init__.py", line 1065, in obtain
        return installer(requirement)
      File "/usr/lib/python3.6/site-packages/setuptools/dist.py", line 581, in fetch_build_egg
        return cmd.easy_install(req)
      File "/usr/lib/python3.6/site-packages/setuptools/command/easy_install.py", line 678, in easy_install
        return self.install_item(spec, dist.location, tmpdir, deps)
      File "/usr/lib/python3.6/site-packages/setuptools/command/easy_install.py", line 704, in install_item
        dists = self.install_eggs(spec, download, tmpdir)
      File "/usr/lib/python3.6/site-packages/setuptools/command/easy_install.py", line 889, in install_eggs
        return self.build_and_install(setup_script, setup_base)
      File "/usr/lib/python3.6/site-packages/setuptools/command/easy_install.py", line 1157, in build_and_install
        self.run_setup(setup_script, setup_base, args)
      File "/usr/lib/python3.6/site-packages/setuptools/command/easy_install.py", line 1143, in run_setup
        run_setup(setup_script, args)
      File "/usr/lib/python3.6/site-packages/setuptools/sandbox.py", line 253, in run_setup
        raise
      File "/usr/lib64/python3.6/contextlib.py", line 99, in __exit__
        self.gen.throw(type, value, traceback)
      File "/usr/lib/python3.6/site-packages/setuptools/sandbox.py", line 195, in setup_context
        yield
      File "/usr/lib64/python3.6/contextlib.py", line 99, in __exit__
        self.gen.throw(type, value, traceback)
      File "/usr/lib/python3.6/site-packages/setuptools/sandbox.py", line 166, in save_modules
        saved_exc.resume()
      File "/usr/lib/python3.6/site-packages/setuptools/sandbox.py", line 141, in resume
        six.reraise(type, exc, self._tb)
      File "/usr/lib/python3.6/site-packages/setuptools/_vendor/six.py", line 685, in reraise
        raise value.with_traceback(tb)
      File "/usr/lib/python3.6/site-packages/setuptools/sandbox.py", line 154, in save_modules
        yield saved
      File "/usr/lib/python3.6/site-packages/setuptools/sandbox.py", line 195, in setup_context
        yield
      File "/usr/lib/python3.6/site-packages/setuptools/sandbox.py", line 250, in run_setup
        _execfile(setup_script, ns)
      File "/usr/lib/python3.6/site-packages/setuptools/sandbox.py", line 45, in _execfile
        exec(code, globals, locals)
      File "/tmp/dcs-tmp.u2007067/easy_install-76ilh2ej/numpy-1.24.1/setup.py", line 20, in <module>
    
    RuntimeError: Python version >= 3.8 required.
    
    ----------------------------------------
